<?xml version="1.0" encoding="UTF-8"?>
<testng-results ignored="0" total="1" passed="1" failed="0" skipped="0">
  <reporter-output>
  </reporter-output>
  <suite started-at="2022-06-01T05:40:27Z" name="Default suite" finished-at="2022-06-01T05:40:27Z" duration-ms="82">
    <groups>
    </groups>
    <test started-at="2022-06-01T05:40:27Z" name="Default test" finished-at="2022-06-01T05:40:27Z" duration-ms="82">
      <class name="com.git.practice.Practice1Test">
        <test-method signature="practiceTest()[pri:0, instance:com.git.practice.Practice1Test@6ee4d9ab]" started-at="2022-06-01T05:40:27Z" name="practiceTest" finished-at="2022-06-01T05:40:27Z" duration-ms="25" status="PASS">
          <reporter-output>
          </reporter-output>
        </test-method> <!-- practiceTest -->
      </class> <!-- com.git.practice.Practice1Test -->
    </test> <!-- Default test -->
  </suite> <!-- Default suite -->
</testng-results>
